<?xml version="1.0" encoding="UTF-8" ?>
<testsuite failures="0" time="0.003" errors="0" skipped="0" tests="6" name="no.jascorp.powercalc.util.TestUtils">
  <properties>
[...]
</properties>
  <testcase time="0" classname="no.jascorp.powercalc.util.TestUtils" name="testStringToDate"/>
  <testcase time="0" classname="no.jascorp.powercalc.util.TestUtils" name="testStringToDateEmptyString"/>
  <testcase time="0" classname="no.jascorp.powercalc.util.TestUtils" name="testStringToDateNullString"/>
  <testcase time="0" classname="no.jascorp.powercalc.util.TestUtils" name="testDateToString"/>
  <testcase time="0" classname="no.jascorp.powercalc.util.TestUtils" name="testAssertNotNullEmptyString"/>
  <testcase time="0" classname="no.jascorp.powercalc.util.TestUtils" name="testAssertNotNullWithNull"/>
</testsuite>